# JRE version: Java(TM) SE Runtime Environment (15.0.1+9) (build 15.0.1+9-18)
# Java VM: Java HotSpot(TM) 64-Bit Server VM (15.0.1+9-18, mixed mode, sharing, tiered, compressed oops, parallel gc, windows-amd64)
GC Precious Log:
 CPUs: 4 total, 4 available
 Memory: 4095M
 Large Page Support: Disabled
 NUMA Support: Disabled
 Compressed Oops: Enabled (32-bit)
 Heap Min Capacity: 100M
 Heap Initial Capacity: 100M
 Heap Max Capacity: 1G
 Pre-touch: Disabled
 Parallel Workers: 4
Heap:
 PSYoungGen      total 23040K, used 7320K [0x00000000eab00000, 0x00000000ec480000, 0x0000000100000000)
  eden space 22016K, 31% used [0x00000000eab00000,0x00000000eb1be3b8,0x00000000ec080000)
  from space 1024K, 40% used [0x00000000ec300000,0x00000000ec368000,0x00000000ec400000)
  to   space 512K, 0% used [0x00000000ec400000,0x00000000ec400000,0x00000000ec480000)
 ParOldGen       total 68608K, used 33488K [0x00000000c0000000, 0x00000000c4300000, 0x00000000eab00000)
  object space 68608K, 48% used [0x00000000c0000000,0x00000000c20b4298,0x00000000c4300000)
 Metaspace       used 45675K, capacity 47788K, committed 47920K, reserved 1091584K
  class space    used 4876K, capacity 5727K, committed 5760K, reserved 1048576K
GC Heap History (20 events):
Event: 14.384 GC heap before
{Heap before GC invocations=10 (full 2):
 PSYoungGen      total 28160K, used 28131K [0x00000000eab00000, 0x00000000ecd00000, 0x0000000100000000)
  eden space 24576K, 100% used [0x00000000eab00000,0x00000000ec300000,0x00000000ec300000)
  from space 3584K, 99% used [0x00000000ec500000,0x00000000ec878fb0,0x00000000ec880000)
  to   space 4608K, 0% used [0x00000000ec880000,0x00000000ec880000,0x00000000ecd00000)
 ParOldGen       total 68608K, used 14790K [0x00000000c0000000, 0x00000000c4300000, 0x00000000eab00000)
  object space 68608K, 21% used [0x00000000c0000000,0x00000000c0e71810,0x00000000c4300000)
 Metaspace       used 41798K, capacity 43891K, committed 44080K, reserved 1087488K
  class space    used 4452K, capacity 5186K, committed 5248K, reserved 1048576K
}
Event: 14.392 GC heap after
{Heap after GC invocations=10 (full 2):
 PSYoungGen      total 28672K, used 4592K [0x00000000eab00000, 0x00000000ece80000, 0x0000000100000000)
  eden space 24064K, 0% used [0x00000000eab00000,0x00000000eab00000,0x00000000ec280000)
  from space 4608K, 99% used [0x00000000ec880000,0x00000000eccfc030,0x00000000ecd00000)
  to   space 6144K, 0% used [0x00000000ec280000,0x00000000ec280000,0x00000000ec880000)
 ParOldGen       total 68608K, used 15731K [0x00000000c0000000, 0x00000000c4300000, 0x00000000eab00000)
  object space 68608K, 22% used [0x00000000c0000000,0x00000000c0f5ce78,0x00000000c4300000)
 Metaspace       used 41798K, capacity 43891K, committed 44080K, reserved 1087488K
  class space    used 4452K, capacity 5186K, committed 5248K, reserved 1048576K
}
Event: 14.568 GC heap before
{Heap before GC invocations=11 (full 2):
 PSYoungGen      total 28672K, used 28656K [0x00000000eab00000, 0x00000000ece80000, 0x0000000100000000)
  eden space 24064K, 100% used [0x00000000eab00000,0x00000000ec280000,0x00000000ec280000)
  from space 4608K, 99% used [0x00000000ec880000,0x00000000eccfc030,0x00000000ecd00000)
  to   space 6144K, 0% used [0x00000000ec280000,0x00000000ec280000,0x00000000ec880000)
 ParOldGen       total 68608K, used 15731K [0x00000000c0000000, 0x00000000c4300000, 0x00000000eab00000)
  object space 68608K, 22% used [0x00000000c0000000,0x00000000c0f5ce78,0x00000000c4300000)
 Metaspace       used 42743K, capacity 44787K, committed 44976K, reserved 1089536K
  class space    used 4578K, capacity 5314K, committed 5376K, reserved 1048576K
}
Event: 14.578 GC heap after
{Heap after GC invocations=11 (full 2):
 PSYoungGen      total 29184K, used 5380K [0x00000000eab00000, 0x00000000ecd00000, 0x0000000100000000)
  eden space 23552K, 0% used [0x00000000eab00000,0x00000000eab00000,0x00000000ec200000)
  from space 5632K, 95% used [0x00000000ec280000,0x00000000ec7c1160,0x00000000ec800000)
  to   space 5120K, 0% used [0x00000000ec800000,0x00000000ec800000,0x00000000ecd00000)
 ParOldGen       total 68608K, used 17325K [0x00000000c0000000, 0x00000000c4300000, 0x00000000eab00000)
  object space 68608K, 25% used [0x00000000c0000000,0x00000000c10eb548,0x00000000c4300000)
 Metaspace       used 42743K, capacity 44787K, committed 44976K, reserved 1089536K
  class space    used 4578K, capacity 5314K, committed 5376K, reserved 1048576K
}
Event: 14.729 GC heap before
{Heap before GC invocations=12 (full 2):
 PSYoungGen      total 29184K, used 28932K [0x00000000eab00000, 0x00000000ecd00000, 0x0000000100000000)
  eden space 23552K, 100% used [0x00000000eab00000,0x00000000ec200000,0x00000000ec200000)
  from space 5632K, 95% used [0x00000000ec280000,0x00000000ec7c1160,0x00000000ec800000)
  to   space 5120K, 0% used [0x00000000ec800000,0x00000000ec800000,0x00000000ecd00000)
 ParOldGen       total 68608K, used 17325K [0x00000000c0000000, 0x00000000c4300000, 0x00000000eab00000)
  object space 68608K, 25% used [0x00000000c0000000,0x00000000c10eb548,0x00000000c4300000)
 Metaspace       used 43509K, capacity 45625K, committed 45872K, reserved 1089536K
  class space    used 4703K, capacity 5443K, committed 5504K, reserved 1048576K
}
Event: 14.739 GC heap after
{Heap after GC invocations=12 (full 2):
 PSYoungGen      total 28160K, used 4813K [0x00000000eab00000, 0x00000000ecd00000, 0x0000000100000000)
  eden space 23040K, 0% used [0x00000000eab00000,0x00000000eab00000,0x00000000ec180000)
  from space 5120K, 94% used [0x00000000ec800000,0x00000000eccb34a0,0x00000000ecd00000)
  to   space 5120K, 0% used [0x00000000ec300000,0x00000000ec300000,0x00000000ec800000)
 ParOldGen       total 68608K, used 20276K [0x00000000c0000000, 0x00000000c4300000, 0x00000000eab00000)
  object space 68608K, 29% used [0x00000000c0000000,0x00000000c13cd248,0x00000000c4300000)
 Metaspace       used 43509K, capacity 45625K, committed 45872K, reserved 1089536K
  class space    used 4703K, capacity 5443K, committed 5504K, reserved 1048576K
}
Event: 14.920 GC heap before
{Heap before GC invocations=13 (full 2):
 PSYoungGen      total 28160K, used 27853K [0x00000000eab00000, 0x00000000ecd00000, 0x0000000100000000)
  eden space 23040K, 100% used [0x00000000eab00000,0x00000000ec180000,0x00000000ec180000)
  from space 5120K, 94% used [0x00000000ec800000,0x00000000eccb34a0,0x00000000ecd00000)
  to   space 5120K, 0% used [0x00000000ec300000,0x00000000ec300000,0x00000000ec800000)
 ParOldGen       total 68608K, used 20276K [0x00000000c0000000, 0x00000000c4300000, 0x00000000eab00000)
  object space 68608K, 29% used [0x00000000c0000000,0x00000000c13cd248,0x00000000c4300000)
 Metaspace       used 44188K, capacity 46265K, committed 46512K, reserved 1089536K
  class space    used 4757K, capacity 5507K, committed 5632K, reserved 1048576K
}
Event: 14.931 GC heap after
{Heap after GC invocations=13 (full 2):
 PSYoungGen      total 25088K, used 2464K [0x00000000eab00000, 0x00000000ec880000, 0x0000000100000000)
  eden space 22528K, 0% used [0x00000000eab00000,0x00000000eab00000,0x00000000ec100000)
  from space 2560K, 96% used [0x00000000ec300000,0x00000000ec568000,0x00000000ec580000)
  to   space 3072K, 0% used [0x00000000ec580000,0x00000000ec580000,0x00000000ec880000)
 ParOldGen       total 68608K, used 24905K [0x00000000c0000000, 0x00000000c4300000, 0x00000000eab00000)
  object space 68608K, 36% used [0x00000000c0000000,0x00000000c1852628,0x00000000c4300000)
 Metaspace       used 44188K, capacity 46265K, committed 46512K, reserved 1089536K
  class space    used 4757K, capacity 5507K, committed 5632K, reserved 1048576K
}
Event: 15.025 GC heap before
{Heap before GC invocations=14 (full 2):
 PSYoungGen      total 25088K, used 24992K [0x00000000eab00000, 0x00000000ec880000, 0x0000000100000000)
  eden space 22528K, 100% used [0x00000000eab00000,0x00000000ec100000,0x00000000ec100000)
  from space 2560K, 96% used [0x00000000ec300000,0x00000000ec568000,0x00000000ec580000)
  to   space 3072K, 0% used [0x00000000ec580000,0x00000000ec580000,0x00000000ec880000)
 ParOldGen       total 68608K, used 24905K [0x00000000c0000000, 0x00000000c4300000, 0x00000000eab00000)
  object space 68608K, 36% used [0x00000000c0000000,0x00000000c1852628,0x00000000c4300000)
 Metaspace       used 44506K, capacity 46543K, committed 46768K, reserved 1091584K
  class space    used 4790K, capacity 5548K, committed 5632K, reserved 1048576K
}
Event: 15.035 GC heap after
{Heap after GC invocations=14 (full 2):
 PSYoungGen      total 24576K, used 2240K [0x00000000eab00000, 0x00000000ec800000, 0x0000000100000000)
  eden space 22016K, 0% used [0x00000000eab00000,0x00000000eab00000,0x00000000ec080000)
  from space 2560K, 87% used [0x00000000ec580000,0x00000000ec7b0010,0x00000000ec800000)
  to   space 2560K, 0% used [0x00000000ec300000,0x00000000ec300000,0x00000000ec580000)
 ParOldGen       total 68608K, used 27345K [0x00000000c0000000, 0x00000000c4300000, 0x00000000eab00000)
  object space 68608K, 39% used [0x00000000c0000000,0x00000000c1ab4628,0x00000000c4300000)
 Metaspace       used 44506K, capacity 46543K, committed 46768K, reserved 1091584K
  class space    used 4790K, capacity 5548K, committed 5632K, reserved 1048576K
}
Event: 15.171 GC heap before
{Heap before GC invocations=15 (full 2):
 PSYoungGen      total 24576K, used 24256K [0x00000000eab00000, 0x00000000ec800000, 0x0000000100000000)
  eden space 22016K, 100% used [0x00000000eab00000,0x00000000ec080000,0x00000000ec080000)
  from space 2560K, 87% used [0x00000000ec580000,0x00000000ec7b0010,0x00000000ec800000)
  to   space 2560K, 0% used [0x00000000ec300000,0x00000000ec300000,0x00000000ec580000)
 ParOldGen       total 68608K, used 27345K [0x00000000c0000000, 0x00000000c4300000, 0x00000000eab00000)
  object space 68608K, 39% used [0x00000000c0000000,0x00000000c1ab4628,0x00000000c4300000)
 Metaspace       used 44777K, capacity 46770K, committed 47024K, reserved 1091584K
  class space    used 4818K, capacity 5581K, committed 5632K, reserved 1048576K
}
Event: 15.180 GC heap after
{Heap after GC invocations=15 (full 2):
 PSYoungGen      total 24064K, used 1760K [0x00000000eab00000, 0x00000000ec600000, 0x0000000100000000)
  eden space 22016K, 0% used [0x00000000eab00000,0x00000000eab00000,0x00000000ec080000)
  from space 2048K, 85% used [0x00000000ec300000,0x00000000ec4b8000,0x00000000ec500000)
  to   space 1024K, 0% used [0x00000000ec500000,0x00000000ec500000,0x00000000ec600000)
 ParOldGen       total 68608K, used 29535K [0x00000000c0000000, 0x00000000c4300000, 0x00000000eab00000)
  object space 68608K, 43% used [0x00000000c0000000,0x00000000c1cd7eb8,0x00000000c4300000)
 Metaspace       used 44777K, capacity 46770K, committed 47024K, reserved 1091584K
  class space    used 4818K, capacity 5581K, committed 5632K, reserved 1048576K
}
Event: 16.220 GC heap before
{Heap before GC invocations=16 (full 2):
 PSYoungGen      total 24064K, used 23776K [0x00000000eab00000, 0x00000000ec600000, 0x0000000100000000)
  eden space 22016K, 100% used [0x00000000eab00000,0x00000000ec080000,0x00000000ec080000)
  from space 2048K, 85% used [0x00000000ec300000,0x00000000ec4b8000,0x00000000ec500000)
  to   space 1024K, 0% used [0x00000000ec500000,0x00000000ec500000,0x00000000ec600000)
 ParOldGen       total 68608K, used 29535K [0x00000000c0000000, 0x00000000c4300000, 0x00000000eab00000)
  object space 68608K, 43% used [0x00000000c0000000,0x00000000c1cd7eb8,0x00000000c4300000)
 Metaspace       used 45056K, capacity 47218K, committed 47408K, reserved 1091584K
  class space    used 4833K, capacity 5645K, committed 5760K, reserved 1048576K
}
Event: 16.227 GC heap after
{Heap after GC invocations=16 (full 2):
 PSYoungGen      total 23040K, used 1024K [0x00000000eab00000, 0x00000000ec780000, 0x0000000100000000)
  eden space 22016K, 0% used [0x00000000eab00000,0x00000000eab00000,0x00000000ec080000)
  from space 1024K, 100% used [0x00000000ec500000,0x00000000ec600000,0x00000000ec600000)
  to   space 3584K, 0% used [0x00000000ec080000,0x00000000ec080000,0x00000000ec400000)
 ParOldGen       total 68608K, used 31500K [0x00000000c0000000, 0x00000000c4300000, 0x00000000eab00000)
  object space 68608K, 45% used [0x00000000c0000000,0x00000000c1ec3210,0x00000000c4300000)
 Metaspace       used 45056K, capacity 47218K, committed 47408K, reserved 1091584K
  class space    used 4833K, capacity 5645K, committed 5760K, reserved 1048576K
}
Event: 52.841 GC heap before
{Heap before GC invocations=17 (full 2):
 PSYoungGen      total 23040K, used 23040K [0x00000000eab00000, 0x00000000ec780000, 0x0000000100000000)
  eden space 22016K, 100% used [0x00000000eab00000,0x00000000ec080000,0x00000000ec080000)
  from space 1024K, 100% used [0x00000000ec500000,0x00000000ec600000,0x00000000ec600000)
  to   space 3584K, 0% used [0x00000000ec080000,0x00000000ec080000,0x00000000ec400000)
 ParOldGen       total 68608K, used 31500K [0x00000000c0000000, 0x00000000c4300000, 0x00000000eab00000)
  object space 68608K, 45% used [0x00000000c0000000,0x00000000c1ec3210,0x00000000c4300000)
 Metaspace       used 45281K, capacity 47346K, committed 47664K, reserved 1091584K
  class space    used 4836K, capacity 5645K, committed 5760K, reserved 1048576K
}
Event: 52.845 GC heap after
{Heap after GC invocations=17 (full 2):
 PSYoungGen      total 25600K, used 512K [0x00000000eab00000, 0x00000000ec580000, 0x0000000100000000)
  eden space 22016K, 0% used [0x00000000eab00000,0x00000000eab00000,0x00000000ec080000)
  from space 3584K, 14% used [0x00000000ec080000,0x00000000ec100000,0x00000000ec400000)
  to   space 1536K, 0% used [0x00000000ec400000,0x00000000ec400000,0x00000000ec580000)
 ParOldGen       total 68608K, used 32520K [0x00000000c0000000, 0x00000000c4300000, 0x00000000eab00000)
  object space 68608K, 47% used [0x00000000c0000000,0x00000000c1fc2288,0x00000000c4300000)
 Metaspace       used 45281K, capacity 47346K, committed 47664K, reserved 1091584K
  class space    used 4836K, capacity 5645K, committed 5760K, reserved 1048576K
}
Event: 97.793 GC heap before
{Heap before GC invocations=18 (full 2):
 PSYoungGen      total 25600K, used 22528K [0x00000000eab00000, 0x00000000ec580000, 0x0000000100000000)
  eden space 22016K, 100% used [0x00000000eab00000,0x00000000ec080000,0x00000000ec080000)
  from space 3584K, 14% used [0x00000000ec080000,0x00000000ec100000,0x00000000ec400000)
  to   space 1536K, 0% used [0x00000000ec400000,0x00000000ec400000,0x00000000ec580000)
 ParOldGen       total 68608K, used 32520K [0x00000000c0000000, 0x00000000c4300000, 0x00000000eab00000)
  object space 68608K, 47% used [0x00000000c0000000,0x00000000c1fc2288,0x00000000c4300000)
 Metaspace       used 45352K, capacity 47410K, committed 47664K, reserved 1091584K
  class space    used 4836K, capacity 5645K, committed 5760K, reserved 1048576K
}
Event: 97.795 GC heap after
{Heap after GC invocations=18 (full 2):
 PSYoungGen      total 23040K, used 544K [0x00000000eab00000, 0x00000000ec500000, 0x0000000100000000)
  eden space 22016K, 0% used [0x00000000eab00000,0x00000000eab00000,0x00000000ec080000)
  from space 1024K, 53% used [0x00000000ec400000,0x00000000ec488010,0x00000000ec500000)
  to   space 1024K, 0% used [0x00000000ec300000,0x00000000ec300000,0x00000000ec400000)
 ParOldGen       total 68608K, used 32944K [0x00000000c0000000, 0x00000000c4300000, 0x00000000eab00000)
  object space 68608K, 48% used [0x00000000c0000000,0x00000000c202c288,0x00000000c4300000)
 Metaspace       used 45352K, capacity 47410K, committed 47664K, reserved 1091584K
  class space    used 4836K, capacity 5645K, committed 5760K, reserved 1048576K
}
Event: 127.598 GC heap before
{Heap before GC invocations=19 (full 2):
 PSYoungGen      total 23040K, used 22560K [0x00000000eab00000, 0x00000000ec500000, 0x0000000100000000)
  eden space 22016K, 100% used [0x00000000eab00000,0x00000000ec080000,0x00000000ec080000)
  from space 1024K, 53% used [0x00000000ec400000,0x00000000ec488010,0x00000000ec500000)
  to   space 1024K, 0% used [0x00000000ec300000,0x00000000ec300000,0x00000000ec400000)
 ParOldGen       total 68608K, used 32944K [0x00000000c0000000, 0x00000000c4300000, 0x00000000eab00000)
  object space 68608K, 48% used [0x00000000c0000000,0x00000000c202c288,0x00000000c4300000)
 Metaspace       used 45365K, capacity 47410K, committed 47664K, reserved 1091584K
  class space    used 4838K, capacity 5645K, committed 5760K, reserved 1048576K
}
Event: 127.600 GC heap after
{Heap after GC invocations=19 (full 2):
 PSYoungGen      total 23040K, used 416K [0x00000000eab00000, 0x00000000ec480000, 0x0000000100000000)
  eden space 22016K, 0% used [0x00000000eab00000,0x00000000eab00000,0x00000000ec080000)
  from space 1024K, 40% used [0x00000000ec300000,0x00000000ec368000,0x00000000ec400000)
  to   space 512K, 0% used [0x00000000ec400000,0x00000000ec400000,0x00000000ec480000)
 ParOldGen       total 68608K, used 33488K [0x00000000c0000000, 0x00000000c4300000, 0x00000000eab00000)
  object space 68608K, 48% used [0x00000000c0000000,0x00000000c20b4298,0x00000000c4300000)
 Metaspace       used 45365K, capacity 47410K, committed 47664K, reserved 1091584K
  class space    used 4838K, capacity 5645K, committed 5760K, reserved 1048576K
}

